{
  "stats": {
    "suites": 1,
    "tests": 1,
    "passes": 0,
    "pending": 0,
    "failures": 1,
    "start": "2022-08-03T06:25:39.514Z",
    "end": "2022-08-03T06:26:01.044Z",
    "duration": 21530,
    "testsRegistered": 1,
    "passPercent": 0,
    "pendingPercent": 0,
    "other": 0,
    "hasOther": false,
    "skipped": 0,
    "hasSkipped": false
  },
  "results": [
    {
      "uuid": "1684ca14-474f-4677-9ce7-a93a1cba8dca",
      "title": "",
      "fullFile": "cypress\\e2e\\spec.cy.js",
      "file": "cypress\\e2e\\spec.cy.js",
      "beforeHooks": [],
      "afterHooks": [],
      "tests": [],
      "suites": [
        {
          "uuid": "97cc8666-6ca7-41f0-b951-078bfd5dd29f",
          "title": "Login",
          "fullFile": "",
          "file": "",
          "beforeHooks": [],
          "afterHooks": [],
          "tests": [
            {
              "title": "Backoffice",
              "fullTitle": "Login Backoffice",
              "timedOut": null,
              "duration": 17265,
              "state": "failed",
              "speed": null,
              "pass": false,
              "fail": true,
              "pending": false,
              "context": "{\n  \"title\": \"cypress-mochawesome-reporter-screenshots\",\n  \"value\": [\n    [\n      {\n        \"title\": \"Failed screenshot\",\n        \"value\": \"\\\\spec.cy.js\\\\Login -- Backoffice (failed).png\"\n      }\n    ]\n  ]\n}",
              "code": "cy.visit('http://118.127.127.166:81/backoffice/account/login');\ncy.get(\"input[name=name]\").type(0);\ncy.get(\"input[name=password]\").type(0).type(\"{enter}\");\ncy.wait(3000);\ncy.get('#_73199').click();\ncy.wait(2000);\ncy.get('.button.addPro.button.tooltip_cvr').click();\ncy.get('input[formcontrolname=ClerkName]').type(\"Haysim\"); //cy.get('.input.form-control.ng-pristine.ng-invalid.is-invalid ng-touched').click()",
              "err": {
                "message": "AssertionError: Timed out retrying after 4000ms: Expected to find element: `#_73199`, but never found it.",
                "estack": "AssertionError: Timed out retrying after 4000ms: Expected to find element: `#_73199`, but never found it.\n    at Context.eval (http://118.127.127.166:81/__cypress/tests?p=cypress\\e2e\\spec.cy.js:105:8)",
                "diff": null
              },
              "uuid": "393306bb-fb66-4940-8b0d-86d609517f2f",
              "parentUUID": "97cc8666-6ca7-41f0-b951-078bfd5dd29f",
              "isHook": false,
              "skipped": false
            }
          ],
          "suites": [],
          "passes": [],
          "failures": [
            "393306bb-fb66-4940-8b0d-86d609517f2f"
          ],
          "pending": [],
          "skipped": [],
          "duration": 17265,
          "root": false,
          "rootEmpty": false,
          "_timeout": 2000
        }
      ],
      "passes": [],
      "failures": [],
      "pending": [],
      "skipped": [],
      "duration": 0,
      "root": true,
      "rootEmpty": true,
      "_timeout": 2000
    }
  ],
  "meta": {
    "mocha": {
      "version": "7.0.1"
    },
    "mochawesome": {
      "options": {
        "quiet": false,
        "reportFilename": "mochawesome",
        "saveHtml": true,
        "saveJson": true,
        "consoleReporter": "spec",
        "useInlineDiffs": false,
        "code": true
      },
      "version": "7.1.3"
    },
    "marge": {
      "options": null,
      "version": "6.2.0"
    }
  }
}